<?xml version="1.0" encoding="UTF-8"?>
<testng-results ignored="0" total="1" passed="1" failed="0" skipped="0">
  <reporter-output>
  </reporter-output>
  <suite started-at="2024-02-07T02:23:54 IST" name="Default suite" finished-at="2024-02-07T02:24:27 IST" duration-ms="33059">
    <groups>
    </groups>
    <test started-at="2024-02-07T02:23:54 IST" name="Default test" finished-at="2024-02-07T02:24:27 IST" duration-ms="33059">
      <class name="functional.dashboard.scripts.Dashboard001_SearchTruck">
        <test-method is-config="true" signature="beforeTestMethod()[pri:0, instance:functional.dashboard.scripts.Dashboard001_SearchTruck@60015ef5]" started-at="2024-02-07T02:23:54 IST" name="beforeTestMethod" finished-at="2024-02-07T02:23:57 IST" duration-ms="2876" status="PASS">
          <reporter-output>
          </reporter-output>
        </test-method> <!-- beforeTestMethod -->
        <test-method is-config="true" signature="beforeMethodMethod(java.lang.String,java.lang.reflect.Method)[pri:0, instance:functional.dashboard.scripts.Dashboard001_SearchTruck@60015ef5]" started-at="2024-02-07T02:23:58 IST" name="beforeMethodMethod" finished-at="2024-02-07T02:24:26 IST" duration-ms="28252" status="PASS">
          <params>
            <param index="0">
              <value is-null="true"/>
            </param>
            <param index="1">
              <value>
                <![CDATA[public void functional.dashboard.scripts.Dashboard001_SearchTruck.searchTruck() throws java.io.IOException,java.lang.InterruptedException,java.awt.AWTException]]>
              </value>
            </param>
          </params>
          <reporter-output>
          </reporter-output>
        </test-method> <!-- beforeMethodMethod -->
        <test-method signature="searchTruck()[pri:0, instance:functional.dashboard.scripts.Dashboard001_SearchTruck@60015ef5]" started-at="2024-02-07T02:24:26 IST" name="searchTruck" finished-at="2024-02-07T02:24:26 IST" duration-ms="145" status="PASS">
          <reporter-output>
          </reporter-output>
        </test-method> <!-- searchTruck -->
        <test-method is-config="true" signature="afterMethodMethod(org.testng.ITestResult)[pri:0, instance:functional.dashboard.scripts.Dashboard001_SearchTruck@60015ef5]" started-at="2024-02-07T02:24:26 IST" name="afterMethodMethod" finished-at="2024-02-07T02:24:26 IST" duration-ms="405" status="PASS">
          <params>
            <param index="0">
              <value>
                <![CDATA[[TestResult name=searchTruck status=SUCCESS method=Dashboard001_SearchTruck.searchTruck()[pri:0, instance:functional.dashboard.scripts.Dashboard001_SearchTruck@60015ef5] output={null}]]]>
              </value>
            </param>
          </params>
          <reporter-output>
          </reporter-output>
        </test-method> <!-- afterMethodMethod -->
        <test-method is-config="true" signature="afterTestMethod()[pri:0, instance:functional.dashboard.scripts.Dashboard001_SearchTruck@60015ef5]" started-at="2024-02-07T02:24:26 IST" name="afterTestMethod" finished-at="2024-02-07T02:24:27 IST" duration-ms="713" status="PASS">
          <reporter-output>
          </reporter-output>
        </test-method> <!-- afterTestMethod -->
      </class> <!-- functional.dashboard.scripts.Dashboard001_SearchTruck -->
    </test> <!-- Default test -->
  </suite> <!-- Default suite -->
</testng-results>
